{
  "stats": {
    "suites": 1,
    "tests": 13,
    "passes": 13,
    "pending": 0,
    "failures": 0,
    "start": "2017-09-14T16:10:11.735Z",
    "end": "2017-09-14T16:10:33.893Z",
    "duration": 22158,
    "testsRegistered": 13,
    "passPercent": 100,
    "pendingPercent": 0,
    "other": 0,
    "hasOther": false,
    "skipped": 0,
    "hasSkipped": false,
    "passPercentClass": "success",
    "pendingPercentClass": "danger"
  },
  "suites": {
    "title": "",
    "suites": [
      {
        "title": "登录",
        "suites": [],
        "tests": [
          {
            "title": "打开首页",
            "fullTitle": "登录 打开首页",
            "timedOut": false,
            "duration": 2597,
            "state": "passed",
            "speed": "slow",
            "pass": true,
            "fail": false,
            "pending": false,
            "code": "async \n        await driver.get('http://192.168.75.107:3000/');",
            "err": {},
            "isRoot": false,
            "uuid": "31b2075d-6456-4d8e-9b4b-d6ac2c5abad2",
            "parentUUID": "3c6e5696-3a1d-42fc-8e26-99ea2dd65935",
            "isHook": false,
            "skipped": false
          },
          {
            "title": "点击登录按钮",
            "fullTitle": "登录 点击登录按钮",
            "timedOut": false,
            "duration": 332,
            "state": "passed",
            "speed": "slow",
            "pass": true,
            "fail": false,
            "pending": false,
            "code": "async \n        await driver.findElement({ linkText: '登录' }).click();",
            "err": {},
            "isRoot": false,
            "uuid": "4b2c9e63-5adb-4ee5-a48b-89beb6602982",
            "parentUUID": "3c6e5696-3a1d-42fc-8e26-99ea2dd65935",
            "isHook": false,
            "skipped": false
          },
          {
            "title": "输入用户名和密码",
            "fullTitle": "登录 输入用户名和密码",
            "timedOut": false,
            "duration": 207,
            "state": "passed",
            "speed": "slow",
            "pass": true,
            "fail": false,
            "pending": false,
            "code": "async \n        await driver.findElement({ id: 'name' }).sendKeys('abcduxiaolei');\n        await driver.findElement({ id: 'pass' }).sendKeys('abc4862556');",
            "err": {},
            "isRoot": false,
            "uuid": "5431f3cd-6a13-4521-b6de-4b27762d39e7",
            "parentUUID": "3c6e5696-3a1d-42fc-8e26-99ea2dd65935",
            "isHook": false,
            "skipped": false
          },
          {
            "title": "点击登录",
            "fullTitle": "登录 点击登录",
            "timedOut": false,
            "duration": 501,
            "state": "passed",
            "speed": "slow",
            "pass": true,
            "fail": false,
            "pending": false,
            "code": "async \n        await driver.findElement({ css: '.span-primary' }).submit();",
            "err": {},
            "isRoot": false,
            "uuid": "ad8d3a19-d731-4a31-8221-07792f3305af",
            "parentUUID": "3c6e5696-3a1d-42fc-8e26-99ea2dd65935",
            "isHook": false,
            "skipped": false
          },
          {
            "title": "assert",
            "fullTitle": "登录 assert",
            "timedOut": false,
            "duration": 0,
            "state": "passed",
            "speed": "fast",
            "pass": true,
            "fail": false,
            "pending": false,
            "code": "async \n        driver.findElement({ linkText: 'abcduxiaolei' }).getText().then((as) => {\n            console.log(as);\n            assert.deepEqual('abcduxiaolei', as);\n        })",
            "err": {},
            "isRoot": false,
            "uuid": "7cfbc7a0-c714-4bc6-89c3-1b9d29879ab4",
            "parentUUID": "3c6e5696-3a1d-42fc-8e26-99ea2dd65935",
            "isHook": false,
            "skipped": false
          },
          {
            "title": "点击发布话题",
            "fullTitle": "登录 点击发布话题",
            "timedOut": false,
            "duration": 457,
            "state": "passed",
            "speed": "slow",
            "pass": true,
            "fail": false,
            "pending": false,
            "code": "async \n        await driver.findElement({ className: 'span-success' }).click();",
            "err": {},
            "isRoot": false,
            "uuid": "ed2ed7e0-f3f4-4298-92dc-52fd2ea17258",
            "parentUUID": "3c6e5696-3a1d-42fc-8e26-99ea2dd65935",
            "isHook": false,
            "skipped": false
          },
          {
            "title": "选择分享下拉列表，输入标题",
            "fullTitle": "登录 选择分享下拉列表，输入标题",
            "timedOut": false,
            "duration": 235,
            "state": "passed",
            "speed": "slow",
            "pass": true,
            "fail": false,
            "pending": false,
            "code": "async \n        await driver.findElement({ id: 'tab-value' }).click();\n        await driver.findElement({ css: '#tab-value>option:nth-child(2)' }).click();\n        await driver.findElement({ id: 'title' }).sendKeys('今天是星期二');",
            "err": {},
            "isRoot": false,
            "uuid": "60e218f7-6d86-482b-a5b7-c221a45fa8d5",
            "parentUUID": "3c6e5696-3a1d-42fc-8e26-99ea2dd65935",
            "isHook": false,
            "skipped": false
          },
          {
            "title": "添加图片",
            "fullTitle": "登录 添加图片",
            "timedOut": false,
            "duration": 129,
            "state": "passed",
            "speed": "slow",
            "pass": true,
            "fail": false,
            "pending": false,
            "code": "async \n        await driver.findElement({ css: '.eicon-image' }).click();\n        await driver.findElement({ name: 'file' }).sendKeys('E://01.png');",
            "err": {},
            "isRoot": false,
            "uuid": "4e86b494-d325-4907-bb3b-83193e155dc0",
            "parentUUID": "3c6e5696-3a1d-42fc-8e26-99ea2dd65935",
            "isHook": false,
            "skipped": false
          },
          {
            "title": "点击链接",
            "fullTitle": "登录 点击链接",
            "timedOut": false,
            "duration": 4984,
            "state": "passed",
            "speed": "slow",
            "pass": true,
            "fail": false,
            "pending": false,
            "code": "async \n        await driver.sleep(2000);\n        await driver.findElement({ css: '.eicon-link' }).click();\n        await driver.sleep(2000);\n        await driver.findElement({ xpath: '/html/body/div[4]/div[2]/form/div[1]/div/input' }).click()\n        await driver.findElement({ xpath: '/html/body/div[4]/div[2]/form/div[1]/div/input' }).sendKeys('打开百度首页');\n        await driver.findElement({ xpath: '/html/body/div[4]/div[2]/form/div[2]/div/input' }).clear()\n        await driver.findElement({ xpath: '/html/body/div[4]/div[2]/form/div[2]/div/input' }).sendKeys('https://www.baidu.com/');\n        await driver.findElement({ css: '.btn.btn-primary' }).click();\n        await driver.findElement({ css: '.span-primary.submit_btn' }).submit();",
            "err": {},
            "isRoot": false,
            "uuid": "570d6f86-a787-45f1-a92d-7ef62a6d2eff",
            "parentUUID": "3c6e5696-3a1d-42fc-8e26-99ea2dd65935",
            "isHook": false,
            "skipped": false
          },
          {
            "title": "添加回复_照片",
            "fullTitle": "登录 添加回复_照片",
            "timedOut": false,
            "duration": 2127,
            "state": "passed",
            "speed": "slow",
            "pass": true,
            "fail": false,
            "pending": false,
            "code": "async \n        await driver.sleep(2000);\n        await driver.findElement({ css: '.eicon-image' }).click();\n        await driver.findElement({ name: 'file' }).sendKeys('F://图片//02.png');",
            "err": {},
            "isRoot": false,
            "uuid": "466b56e8-7a50-4d40-900a-36f86766f246",
            "parentUUID": "3c6e5696-3a1d-42fc-8e26-99ea2dd65935",
            "isHook": false,
            "skipped": false
          },
          {
            "title": "添加回复_内容",
            "fullTitle": "登录 添加回复_内容",
            "timedOut": false,
            "duration": 2431,
            "state": "passed",
            "speed": "slow",
            "pass": true,
            "fail": false,
            "pending": false,
            "code": "async \n        await driver.sleep(2000);\n        await driver.findElement({ css: '.CodeMirror.cm-s-paper' }).click();\n        let oc = driver.findElement({ xpath: '//*[@id=\"reply_form\"]/div/div/div[2]/div[6]/div[2]' });\n        await driver.actions().mouseMove(oc).sendKeys('大家晚上好！').perform();\n        await driver.findElement({ xpath: '//*[@id=\"reply_form\"]/div/div/div[3]/input' }).submit();",
            "err": {},
            "isRoot": false,
            "uuid": "1b859c14-d975-4f00-9c21-f4862527fcc9",
            "parentUUID": "3c6e5696-3a1d-42fc-8e26-99ea2dd65935",
            "isHook": false,
            "skipped": false
          },
          {
            "title": "编辑回复",
            "fullTitle": "登录 编辑回复",
            "timedOut": false,
            "duration": 2882,
            "state": "passed",
            "speed": "slow",
            "pass": true,
            "fail": false,
            "pending": false,
            "code": "async \n        await driver.sleep(2000);\n        await driver.findElement({ css: '.edit_reply_btn' }).click();\n        await driver.findElement({ css: '.CodeMirror.cm-s-paper' }).click();\n        let xo = driver.findElement({ xpath: '//*[@id=\"edit_reply_form\"]/fieldset/div/div/div[2]/div[6]/div[2]' });\n        await driver.actions().mouseMove(xo).sendKeys('很晚了，准备睡觉喽！').perform();\n        await driver.findElement({ xpath: '//*[@id=\"edit_reply_form\"]/fieldset/div/div/div[4]/input' }).submit();",
            "err": {},
            "isRoot": false,
            "uuid": "21dda9ff-1a90-4657-b7ef-c1356f13df7d",
            "parentUUID": "3c6e5696-3a1d-42fc-8e26-99ea2dd65935",
            "isHook": false,
            "skipped": false
          },
          {
            "title": "删除回复",
            "fullTitle": "登录 删除回复",
            "timedOut": false,
            "duration": 87,
            "state": "passed",
            "speed": "slow",
            "pass": true,
            "fail": false,
            "pending": false,
            "code": "async \n        await driver.findElement({ css: '.delete_reply_btn' }).click();\n        await driver.switchTo().alert().then((alert) => {\n            return alert.accept();\n        })",
            "err": {},
            "isRoot": false,
            "uuid": "0b99c102-a49c-4d6e-a8c9-e993213d7a47",
            "parentUUID": "3c6e5696-3a1d-42fc-8e26-99ea2dd65935",
            "isHook": false,
            "skipped": false
          }
        ],
        "pending": [],
        "root": false,
        "_timeout": 14000,
        "file": "\\index2.js",
        "uuid": "3c6e5696-3a1d-42fc-8e26-99ea2dd65935",
        "beforeHooks": [
          {
            "title": "\"before all\" hook",
            "fullTitle": "登录 \"before all\" hook",
            "timedOut": false,
            "duration": 1,
            "pass": false,
            "fail": false,
            "pending": false,
            "code": "driver.manage().window().maximize();",
            "err": {},
            "isRoot": false,
            "uuid": "48597cf5-fc59-456b-b551-dff3bc5e8635",
            "parentUUID": "3c6e5696-3a1d-42fc-8e26-99ea2dd65935",
            "isHook": true,
            "skipped": false
          },
          {
            "title": "\"before each\" hook",
            "fullTitle": "登录 \"before each\" hook",
            "timedOut": false,
            "duration": 0,
            "pass": false,
            "fail": false,
            "pending": false,
            "code": "// runs before each test in this block",
            "err": {},
            "isRoot": false,
            "uuid": "de24cfe7-106e-4140-a75b-8dbc595502ad",
            "parentUUID": "3c6e5696-3a1d-42fc-8e26-99ea2dd65935",
            "isHook": true,
            "skipped": false
          }
        ],
        "afterHooks": [
          {
            "title": "\"after all\" hook",
            "fullTitle": "登录 \"after all\" hook",
            "timedOut": false,
            "duration": 0,
            "pass": false,
            "fail": false,
            "pending": false,
            "code": "",
            "err": {},
            "isRoot": false,
            "uuid": "1d7e721e-5007-43ff-bfc0-e9d026df60d8",
            "parentUUID": "3c6e5696-3a1d-42fc-8e26-99ea2dd65935",
            "isHook": true,
            "skipped": false
          },
          {
            "title": "\"after each\" hook",
            "fullTitle": "登录 \"after each\" hook",
            "timedOut": false,
            "duration": 437,
            "pass": false,
            "fail": false,
            "pending": false,
            "code": "async function () {\n        await driver.takeScreenshot().then(function (imagedata) {\n            var day = new Date().valueOf();\n            fs.writeFileSync('image/' + day + '.png', imagedata, 'base64')\n        })",
            "err": {},
            "isRoot": false,
            "uuid": "d2c2ecf3-9889-4d55-9164-0b98fc6bfcfd",
            "parentUUID": "3c6e5696-3a1d-42fc-8e26-99ea2dd65935",
            "isHook": true,
            "skipped": false
          }
        ],
        "fullFile": "E:\\autotest-2\\20170910\\index2.js",
        "passes": [
          {
            "title": "打开首页",
            "fullTitle": "登录 打开首页",
            "timedOut": false,
            "duration": 2597,
            "state": "passed",
            "speed": "slow",
            "pass": true,
            "fail": false,
            "pending": false,
            "code": "async \n        await driver.get('http://192.168.75.107:3000/');",
            "err": {},
            "isRoot": false,
            "uuid": "31b2075d-6456-4d8e-9b4b-d6ac2c5abad2",
            "parentUUID": "3c6e5696-3a1d-42fc-8e26-99ea2dd65935",
            "isHook": false,
            "skipped": false
          },
          {
            "title": "点击登录按钮",
            "fullTitle": "登录 点击登录按钮",
            "timedOut": false,
            "duration": 332,
            "state": "passed",
            "speed": "slow",
            "pass": true,
            "fail": false,
            "pending": false,
            "code": "async \n        await driver.findElement({ linkText: '登录' }).click();",
            "err": {},
            "isRoot": false,
            "uuid": "4b2c9e63-5adb-4ee5-a48b-89beb6602982",
            "parentUUID": "3c6e5696-3a1d-42fc-8e26-99ea2dd65935",
            "isHook": false,
            "skipped": false
          },
          {
            "title": "输入用户名和密码",
            "fullTitle": "登录 输入用户名和密码",
            "timedOut": false,
            "duration": 207,
            "state": "passed",
            "speed": "slow",
            "pass": true,
            "fail": false,
            "pending": false,
            "code": "async \n        await driver.findElement({ id: 'name' }).sendKeys('abcduxiaolei');\n        await driver.findElement({ id: 'pass' }).sendKeys('abc4862556');",
            "err": {},
            "isRoot": false,
            "uuid": "5431f3cd-6a13-4521-b6de-4b27762d39e7",
            "parentUUID": "3c6e5696-3a1d-42fc-8e26-99ea2dd65935",
            "isHook": false,
            "skipped": false
          },
          {
            "title": "点击登录",
            "fullTitle": "登录 点击登录",
            "timedOut": false,
            "duration": 501,
            "state": "passed",
            "speed": "slow",
            "pass": true,
            "fail": false,
            "pending": false,
            "code": "async \n        await driver.findElement({ css: '.span-primary' }).submit();",
            "err": {},
            "isRoot": false,
            "uuid": "ad8d3a19-d731-4a31-8221-07792f3305af",
            "parentUUID": "3c6e5696-3a1d-42fc-8e26-99ea2dd65935",
            "isHook": false,
            "skipped": false
          },
          {
            "title": "assert",
            "fullTitle": "登录 assert",
            "timedOut": false,
            "duration": 0,
            "state": "passed",
            "speed": "fast",
            "pass": true,
            "fail": false,
            "pending": false,
            "code": "async \n        driver.findElement({ linkText: 'abcduxiaolei' }).getText().then((as) => {\n            console.log(as);\n            assert.deepEqual('abcduxiaolei', as);\n        })",
            "err": {},
            "isRoot": false,
            "uuid": "7cfbc7a0-c714-4bc6-89c3-1b9d29879ab4",
            "parentUUID": "3c6e5696-3a1d-42fc-8e26-99ea2dd65935",
            "isHook": false,
            "skipped": false
          },
          {
            "title": "点击发布话题",
            "fullTitle": "登录 点击发布话题",
            "timedOut": false,
            "duration": 457,
            "state": "passed",
            "speed": "slow",
            "pass": true,
            "fail": false,
            "pending": false,
            "code": "async \n        await driver.findElement({ className: 'span-success' }).click();",
            "err": {},
            "isRoot": false,
            "uuid": "ed2ed7e0-f3f4-4298-92dc-52fd2ea17258",
            "parentUUID": "3c6e5696-3a1d-42fc-8e26-99ea2dd65935",
            "isHook": false,
            "skipped": false
          },
          {
            "title": "选择分享下拉列表，输入标题",
            "fullTitle": "登录 选择分享下拉列表，输入标题",
            "timedOut": false,
            "duration": 235,
            "state": "passed",
            "speed": "slow",
            "pass": true,
            "fail": false,
            "pending": false,
            "code": "async \n        await driver.findElement({ id: 'tab-value' }).click();\n        await driver.findElement({ css: '#tab-value>option:nth-child(2)' }).click();\n        await driver.findElement({ id: 'title' }).sendKeys('今天是星期二');",
            "err": {},
            "isRoot": false,
            "uuid": "60e218f7-6d86-482b-a5b7-c221a45fa8d5",
            "parentUUID": "3c6e5696-3a1d-42fc-8e26-99ea2dd65935",
            "isHook": false,
            "skipped": false
          },
          {
            "title": "添加图片",
            "fullTitle": "登录 添加图片",
            "timedOut": false,
            "duration": 129,
            "state": "passed",
            "speed": "slow",
            "pass": true,
            "fail": false,
            "pending": false,
            "code": "async \n        await driver.findElement({ css: '.eicon-image' }).click();\n        await driver.findElement({ name: 'file' }).sendKeys('E://01.png');",
            "err": {},
            "isRoot": false,
            "uuid": "4e86b494-d325-4907-bb3b-83193e155dc0",
            "parentUUID": "3c6e5696-3a1d-42fc-8e26-99ea2dd65935",
            "isHook": false,
            "skipped": false
          },
          {
            "title": "点击链接",
            "fullTitle": "登录 点击链接",
            "timedOut": false,
            "duration": 4984,
            "state": "passed",
            "speed": "slow",
            "pass": true,
            "fail": false,
            "pending": false,
            "code": "async \n        await driver.sleep(2000);\n        await driver.findElement({ css: '.eicon-link' }).click();\n        await driver.sleep(2000);\n        await driver.findElement({ xpath: '/html/body/div[4]/div[2]/form/div[1]/div/input' }).click()\n        await driver.findElement({ xpath: '/html/body/div[4]/div[2]/form/div[1]/div/input' }).sendKeys('打开百度首页');\n        await driver.findElement({ xpath: '/html/body/div[4]/div[2]/form/div[2]/div/input' }).clear()\n        await driver.findElement({ xpath: '/html/body/div[4]/div[2]/form/div[2]/div/input' }).sendKeys('https://www.baidu.com/');\n        await driver.findElement({ css: '.btn.btn-primary' }).click();\n        await driver.findElement({ css: '.span-primary.submit_btn' }).submit();",
            "err": {},
            "isRoot": false,
            "uuid": "570d6f86-a787-45f1-a92d-7ef62a6d2eff",
            "parentUUID": "3c6e5696-3a1d-42fc-8e26-99ea2dd65935",
            "isHook": false,
            "skipped": false
          },
          {
            "title": "添加回复_照片",
            "fullTitle": "登录 添加回复_照片",
            "timedOut": false,
            "duration": 2127,
            "state": "passed",
            "speed": "slow",
            "pass": true,
            "fail": false,
            "pending": false,
            "code": "async \n        await driver.sleep(2000);\n        await driver.findElement({ css: '.eicon-image' }).click();\n        await driver.findElement({ name: 'file' }).sendKeys('F://图片//02.png');",
            "err": {},
            "isRoot": false,
            "uuid": "466b56e8-7a50-4d40-900a-36f86766f246",
            "parentUUID": "3c6e5696-3a1d-42fc-8e26-99ea2dd65935",
            "isHook": false,
            "skipped": false
          },
          {
            "title": "添加回复_内容",
            "fullTitle": "登录 添加回复_内容",
            "timedOut": false,
            "duration": 2431,
            "state": "passed",
            "speed": "slow",
            "pass": true,
            "fail": false,
            "pending": false,
            "code": "async \n        await driver.sleep(2000);\n        await driver.findElement({ css: '.CodeMirror.cm-s-paper' }).click();\n        let oc = driver.findElement({ xpath: '//*[@id=\"reply_form\"]/div/div/div[2]/div[6]/div[2]' });\n        await driver.actions().mouseMove(oc).sendKeys('大家晚上好！').perform();\n        await driver.findElement({ xpath: '//*[@id=\"reply_form\"]/div/div/div[3]/input' }).submit();",
            "err": {},
            "isRoot": false,
            "uuid": "1b859c14-d975-4f00-9c21-f4862527fcc9",
            "parentUUID": "3c6e5696-3a1d-42fc-8e26-99ea2dd65935",
            "isHook": false,
            "skipped": false
          },
          {
            "title": "编辑回复",
            "fullTitle": "登录 编辑回复",
            "timedOut": false,
            "duration": 2882,
            "state": "passed",
            "speed": "slow",
            "pass": true,
            "fail": false,
            "pending": false,
            "code": "async \n        await driver.sleep(2000);\n        await driver.findElement({ css: '.edit_reply_btn' }).click();\n        await driver.findElement({ css: '.CodeMirror.cm-s-paper' }).click();\n        let xo = driver.findElement({ xpath: '//*[@id=\"edit_reply_form\"]/fieldset/div/div/div[2]/div[6]/div[2]' });\n        await driver.actions().mouseMove(xo).sendKeys('很晚了，准备睡觉喽！').perform();\n        await driver.findElement({ xpath: '//*[@id=\"edit_reply_form\"]/fieldset/div/div/div[4]/input' }).submit();",
            "err": {},
            "isRoot": false,
            "uuid": "21dda9ff-1a90-4657-b7ef-c1356f13df7d",
            "parentUUID": "3c6e5696-3a1d-42fc-8e26-99ea2dd65935",
            "isHook": false,
            "skipped": false
          },
          {
            "title": "删除回复",
            "fullTitle": "登录 删除回复",
            "timedOut": false,
            "duration": 87,
            "state": "passed",
            "speed": "slow",
            "pass": true,
            "fail": false,
            "pending": false,
            "code": "async \n        await driver.findElement({ css: '.delete_reply_btn' }).click();\n        await driver.switchTo().alert().then((alert) => {\n            return alert.accept();\n        })",
            "err": {},
            "isRoot": false,
            "uuid": "0b99c102-a49c-4d6e-a8c9-e993213d7a47",
            "parentUUID": "3c6e5696-3a1d-42fc-8e26-99ea2dd65935",
            "isHook": false,
            "skipped": false
          }
        ],
        "failures": [],
        "skipped": [],
        "hasBeforeHooks": true,
        "hasAfterHooks": true,
        "hasTests": true,
        "hasSuites": false,
        "totalTests": 13,
        "totalPasses": 13,
        "totalFailures": 0,
        "totalPending": 0,
        "totalSkipped": 0,
        "hasPasses": true,
        "hasFailures": false,
        "hasPending": false,
        "hasSkipped": false,
        "duration": 16969,
        "rootEmpty": false
      }
    ],
    "tests": [],
    "pending": [],
    "root": true,
    "_timeout": 2000,
    "uuid": "47e96183-a977-4027-89fb-f0ec0e058ef2",
    "beforeHooks": [],
    "afterHooks": [],
    "fullFile": "",
    "file": "",
    "passes": [],
    "failures": [],
    "skipped": [],
    "hasBeforeHooks": false,
    "hasAfterHooks": false,
    "hasTests": false,
    "hasSuites": true,
    "totalTests": 0,
    "totalPasses": 0,
    "totalFailures": 0,
    "totalPending": 0,
    "totalSkipped": 0,
    "hasPasses": false,
    "hasFailures": false,
    "hasPending": false,
    "hasSkipped": false,
    "duration": 0,
    "rootEmpty": true
  },
  "allTests": [
    {
      "title": "打开首页",
      "fullTitle": "登录 打开首页",
      "timedOut": false,
      "duration": 2597,
      "state": "passed",
      "speed": "slow",
      "pass": true,
      "fail": false,
      "pending": false,
      "code": "async \n        await driver.get('http://192.168.75.107:3000/');",
      "err": {},
      "isRoot": false,
      "uuid": "31b2075d-6456-4d8e-9b4b-d6ac2c5abad2",
      "parentUUID": "3c6e5696-3a1d-42fc-8e26-99ea2dd65935",
      "isHook": false,
      "skipped": false
    },
    {
      "title": "点击登录按钮",
      "fullTitle": "登录 点击登录按钮",
      "timedOut": false,
      "duration": 332,
      "state": "passed",
      "speed": "slow",
      "pass": true,
      "fail": false,
      "pending": false,
      "code": "async \n        await driver.findElement({ linkText: '登录' }).click();",
      "err": {},
      "isRoot": false,
      "uuid": "4b2c9e63-5adb-4ee5-a48b-89beb6602982",
      "parentUUID": "3c6e5696-3a1d-42fc-8e26-99ea2dd65935",
      "isHook": false,
      "skipped": false
    },
    {
      "title": "输入用户名和密码",
      "fullTitle": "登录 输入用户名和密码",
      "timedOut": false,
      "duration": 207,
      "state": "passed",
      "speed": "slow",
      "pass": true,
      "fail": false,
      "pending": false,
      "code": "async \n        await driver.findElement({ id: 'name' }).sendKeys('abcduxiaolei');\n        await driver.findElement({ id: 'pass' }).sendKeys('abc4862556');",
      "err": {},
      "isRoot": false,
      "uuid": "5431f3cd-6a13-4521-b6de-4b27762d39e7",
      "parentUUID": "3c6e5696-3a1d-42fc-8e26-99ea2dd65935",
      "isHook": false,
      "skipped": false
    },
    {
      "title": "点击登录",
      "fullTitle": "登录 点击登录",
      "timedOut": false,
      "duration": 501,
      "state": "passed",
      "speed": "slow",
      "pass": true,
      "fail": false,
      "pending": false,
      "code": "async \n        await driver.findElement({ css: '.span-primary' }).submit();",
      "err": {},
      "isRoot": false,
      "uuid": "ad8d3a19-d731-4a31-8221-07792f3305af",
      "parentUUID": "3c6e5696-3a1d-42fc-8e26-99ea2dd65935",
      "isHook": false,
      "skipped": false
    },
    {
      "title": "assert",
      "fullTitle": "登录 assert",
      "timedOut": false,
      "duration": 0,
      "state": "passed",
      "speed": "fast",
      "pass": true,
      "fail": false,
      "pending": false,
      "code": "async \n        driver.findElement({ linkText: 'abcduxiaolei' }).getText().then((as) => {\n            console.log(as);\n            assert.deepEqual('abcduxiaolei', as);\n        })",
      "err": {},
      "isRoot": false,
      "uuid": "7cfbc7a0-c714-4bc6-89c3-1b9d29879ab4",
      "parentUUID": "3c6e5696-3a1d-42fc-8e26-99ea2dd65935",
      "isHook": false,
      "skipped": false
    },
    {
      "title": "点击发布话题",
      "fullTitle": "登录 点击发布话题",
      "timedOut": false,
      "duration": 457,
      "state": "passed",
      "speed": "slow",
      "pass": true,
      "fail": false,
      "pending": false,
      "code": "async \n        await driver.findElement({ className: 'span-success' }).click();",
      "err": {},
      "isRoot": false,
      "uuid": "ed2ed7e0-f3f4-4298-92dc-52fd2ea17258",
      "parentUUID": "3c6e5696-3a1d-42fc-8e26-99ea2dd65935",
      "isHook": false,
      "skipped": false
    },
    {
      "title": "选择分享下拉列表，输入标题",
      "fullTitle": "登录 选择分享下拉列表，输入标题",
      "timedOut": false,
      "duration": 235,
      "state": "passed",
      "speed": "slow",
      "pass": true,
      "fail": false,
      "pending": false,
      "code": "async \n        await driver.findElement({ id: 'tab-value' }).click();\n        await driver.findElement({ css: '#tab-value>option:nth-child(2)' }).click();\n        await driver.findElement({ id: 'title' }).sendKeys('今天是星期二');",
      "err": {},
      "isRoot": false,
      "uuid": "60e218f7-6d86-482b-a5b7-c221a45fa8d5",
      "parentUUID": "3c6e5696-3a1d-42fc-8e26-99ea2dd65935",
      "isHook": false,
      "skipped": false
    },
    {
      "title": "添加图片",
      "fullTitle": "登录 添加图片",
      "timedOut": false,
      "duration": 129,
      "state": "passed",
      "speed": "slow",
      "pass": true,
      "fail": false,
      "pending": false,
      "code": "async \n        await driver.findElement({ css: '.eicon-image' }).click();\n        await driver.findElement({ name: 'file' }).sendKeys('E://01.png');",
      "err": {},
      "isRoot": false,
      "uuid": "4e86b494-d325-4907-bb3b-83193e155dc0",
      "parentUUID": "3c6e5696-3a1d-42fc-8e26-99ea2dd65935",
      "isHook": false,
      "skipped": false
    },
    {
      "title": "点击链接",
      "fullTitle": "登录 点击链接",
      "timedOut": false,
      "duration": 4984,
      "state": "passed",
      "speed": "slow",
      "pass": true,
      "fail": false,
      "pending": false,
      "code": "async \n        await driver.sleep(2000);\n        await driver.findElement({ css: '.eicon-link' }).click();\n        await driver.sleep(2000);\n        await driver.findElement({ xpath: '/html/body/div[4]/div[2]/form/div[1]/div/input' }).click()\n        await driver.findElement({ xpath: '/html/body/div[4]/div[2]/form/div[1]/div/input' }).sendKeys('打开百度首页');\n        await driver.findElement({ xpath: '/html/body/div[4]/div[2]/form/div[2]/div/input' }).clear()\n        await driver.findElement({ xpath: '/html/body/div[4]/div[2]/form/div[2]/div/input' }).sendKeys('https://www.baidu.com/');\n        await driver.findElement({ css: '.btn.btn-primary' }).click();\n        await driver.findElement({ css: '.span-primary.submit_btn' }).submit();",
      "err": {},
      "isRoot": false,
      "uuid": "570d6f86-a787-45f1-a92d-7ef62a6d2eff",
      "parentUUID": "3c6e5696-3a1d-42fc-8e26-99ea2dd65935",
      "isHook": false,
      "skipped": false
    },
    {
      "title": "添加回复_照片",
      "fullTitle": "登录 添加回复_照片",
      "timedOut": false,
      "duration": 2127,
      "state": "passed",
      "speed": "slow",
      "pass": true,
      "fail": false,
      "pending": false,
      "code": "async \n        await driver.sleep(2000);\n        await driver.findElement({ css: '.eicon-image' }).click();\n        await driver.findElement({ name: 'file' }).sendKeys('F://图片//02.png');",
      "err": {},
      "isRoot": false,
      "uuid": "466b56e8-7a50-4d40-900a-36f86766f246",
      "parentUUID": "3c6e5696-3a1d-42fc-8e26-99ea2dd65935",
      "isHook": false,
      "skipped": false
    },
    {
      "title": "添加回复_内容",
      "fullTitle": "登录 添加回复_内容",
      "timedOut": false,
      "duration": 2431,
      "state": "passed",
      "speed": "slow",
      "pass": true,
      "fail": false,
      "pending": false,
      "code": "async \n        await driver.sleep(2000);\n        await driver.findElement({ css: '.CodeMirror.cm-s-paper' }).click();\n        let oc = driver.findElement({ xpath: '//*[@id=\"reply_form\"]/div/div/div[2]/div[6]/div[2]' });\n        await driver.actions().mouseMove(oc).sendKeys('大家晚上好！').perform();\n        await driver.findElement({ xpath: '//*[@id=\"reply_form\"]/div/div/div[3]/input' }).submit();",
      "err": {},
      "isRoot": false,
      "uuid": "1b859c14-d975-4f00-9c21-f4862527fcc9",
      "parentUUID": "3c6e5696-3a1d-42fc-8e26-99ea2dd65935",
      "isHook": false,
      "skipped": false
    },
    {
      "title": "编辑回复",
      "fullTitle": "登录 编辑回复",
      "timedOut": false,
      "duration": 2882,
      "state": "passed",
      "speed": "slow",
      "pass": true,
      "fail": false,
      "pending": false,
      "code": "async \n        await driver.sleep(2000);\n        await driver.findElement({ css: '.edit_reply_btn' }).click();\n        await driver.findElement({ css: '.CodeMirror.cm-s-paper' }).click();\n        let xo = driver.findElement({ xpath: '//*[@id=\"edit_reply_form\"]/fieldset/div/div/div[2]/div[6]/div[2]' });\n        await driver.actions().mouseMove(xo).sendKeys('很晚了，准备睡觉喽！').perform();\n        await driver.findElement({ xpath: '//*[@id=\"edit_reply_form\"]/fieldset/div/div/div[4]/input' }).submit();",
      "err": {},
      "isRoot": false,
      "uuid": "21dda9ff-1a90-4657-b7ef-c1356f13df7d",
      "parentUUID": "3c6e5696-3a1d-42fc-8e26-99ea2dd65935",
      "isHook": false,
      "skipped": false
    },
    {
      "title": "删除回复",
      "fullTitle": "登录 删除回复",
      "timedOut": false,
      "duration": 87,
      "state": "passed",
      "speed": "slow",
      "pass": true,
      "fail": false,
      "pending": false,
      "code": "async \n        await driver.findElement({ css: '.delete_reply_btn' }).click();\n        await driver.switchTo().alert().then((alert) => {\n            return alert.accept();\n        })",
      "err": {},
      "isRoot": false,
      "uuid": "0b99c102-a49c-4d6e-a8c9-e993213d7a47",
      "parentUUID": "3c6e5696-3a1d-42fc-8e26-99ea2dd65935",
      "isHook": false,
      "skipped": false
    }
  ],
  "allPending": [],
  "allPasses": [
    {
      "title": "打开首页",
      "fullTitle": "登录 打开首页",
      "timedOut": false,
      "duration": 2597,
      "state": "passed",
      "speed": "slow",
      "pass": true,
      "fail": false,
      "pending": false,
      "code": "async \n        await driver.get('http://192.168.75.107:3000/');",
      "err": {},
      "isRoot": false,
      "uuid": "31b2075d-6456-4d8e-9b4b-d6ac2c5abad2",
      "parentUUID": "3c6e5696-3a1d-42fc-8e26-99ea2dd65935",
      "isHook": false,
      "skipped": false
    },
    {
      "title": "点击登录按钮",
      "fullTitle": "登录 点击登录按钮",
      "timedOut": false,
      "duration": 332,
      "state": "passed",
      "speed": "slow",
      "pass": true,
      "fail": false,
      "pending": false,
      "code": "async \n        await driver.findElement({ linkText: '登录' }).click();",
      "err": {},
      "isRoot": false,
      "uuid": "4b2c9e63-5adb-4ee5-a48b-89beb6602982",
      "parentUUID": "3c6e5696-3a1d-42fc-8e26-99ea2dd65935",
      "isHook": false,
      "skipped": false
    },
    {
      "title": "输入用户名和密码",
      "fullTitle": "登录 输入用户名和密码",
      "timedOut": false,
      "duration": 207,
      "state": "passed",
      "speed": "slow",
      "pass": true,
      "fail": false,
      "pending": false,
      "code": "async \n        await driver.findElement({ id: 'name' }).sendKeys('abcduxiaolei');\n        await driver.findElement({ id: 'pass' }).sendKeys('abc4862556');",
      "err": {},
      "isRoot": false,
      "uuid": "5431f3cd-6a13-4521-b6de-4b27762d39e7",
      "parentUUID": "3c6e5696-3a1d-42fc-8e26-99ea2dd65935",
      "isHook": false,
      "skipped": false
    },
    {
      "title": "点击登录",
      "fullTitle": "登录 点击登录",
      "timedOut": false,
      "duration": 501,
      "state": "passed",
      "speed": "slow",
      "pass": true,
      "fail": false,
      "pending": false,
      "code": "async \n        await driver.findElement({ css: '.span-primary' }).submit();",
      "err": {},
      "isRoot": false,
      "uuid": "ad8d3a19-d731-4a31-8221-07792f3305af",
      "parentUUID": "3c6e5696-3a1d-42fc-8e26-99ea2dd65935",
      "isHook": false,
      "skipped": false
    },
    {
      "title": "assert",
      "fullTitle": "登录 assert",
      "timedOut": false,
      "duration": 0,
      "state": "passed",
      "speed": "fast",
      "pass": true,
      "fail": false,
      "pending": false,
      "code": "async \n        driver.findElement({ linkText: 'abcduxiaolei' }).getText().then((as) => {\n            console.log(as);\n            assert.deepEqual('abcduxiaolei', as);\n        })",
      "err": {},
      "isRoot": false,
      "uuid": "7cfbc7a0-c714-4bc6-89c3-1b9d29879ab4",
      "parentUUID": "3c6e5696-3a1d-42fc-8e26-99ea2dd65935",
      "isHook": false,
      "skipped": false
    },
    {
      "title": "点击发布话题",
      "fullTitle": "登录 点击发布话题",
      "timedOut": false,
      "duration": 457,
      "state": "passed",
      "speed": "slow",
      "pass": true,
      "fail": false,
      "pending": false,
      "code": "async \n        await driver.findElement({ className: 'span-success' }).click();",
      "err": {},
      "isRoot": false,
      "uuid": "ed2ed7e0-f3f4-4298-92dc-52fd2ea17258",
      "parentUUID": "3c6e5696-3a1d-42fc-8e26-99ea2dd65935",
      "isHook": false,
      "skipped": false
    },
    {
      "title": "选择分享下拉列表，输入标题",
      "fullTitle": "登录 选择分享下拉列表，输入标题",
      "timedOut": false,
      "duration": 235,
      "state": "passed",
      "speed": "slow",
      "pass": true,
      "fail": false,
      "pending": false,
      "code": "async \n        await driver.findElement({ id: 'tab-value' }).click();\n        await driver.findElement({ css: '#tab-value>option:nth-child(2)' }).click();\n        await driver.findElement({ id: 'title' }).sendKeys('今天是星期二');",
      "err": {},
      "isRoot": false,
      "uuid": "60e218f7-6d86-482b-a5b7-c221a45fa8d5",
      "parentUUID": "3c6e5696-3a1d-42fc-8e26-99ea2dd65935",
      "isHook": false,
      "skipped": false
    },
    {
      "title": "添加图片",
      "fullTitle": "登录 添加图片",
      "timedOut": false,
      "duration": 129,
      "state": "passed",
      "speed": "slow",
      "pass": true,
      "fail": false,
      "pending": false,
      "code": "async \n        await driver.findElement({ css: '.eicon-image' }).click();\n        await driver.findElement({ name: 'file' }).sendKeys('E://01.png');",
      "err": {},
      "isRoot": false,
      "uuid": "4e86b494-d325-4907-bb3b-83193e155dc0",
      "parentUUID": "3c6e5696-3a1d-42fc-8e26-99ea2dd65935",
      "isHook": false,
      "skipped": false
    },
    {
      "title": "点击链接",
      "fullTitle": "登录 点击链接",
      "timedOut": false,
      "duration": 4984,
      "state": "passed",
      "speed": "slow",
      "pass": true,
      "fail": false,
      "pending": false,
      "code": "async \n        await driver.sleep(2000);\n        await driver.findElement({ css: '.eicon-link' }).click();\n        await driver.sleep(2000);\n        await driver.findElement({ xpath: '/html/body/div[4]/div[2]/form/div[1]/div/input' }).click()\n        await driver.findElement({ xpath: '/html/body/div[4]/div[2]/form/div[1]/div/input' }).sendKeys('打开百度首页');\n        await driver.findElement({ xpath: '/html/body/div[4]/div[2]/form/div[2]/div/input' }).clear()\n        await driver.findElement({ xpath: '/html/body/div[4]/div[2]/form/div[2]/div/input' }).sendKeys('https://www.baidu.com/');\n        await driver.findElement({ css: '.btn.btn-primary' }).click();\n        await driver.findElement({ css: '.span-primary.submit_btn' }).submit();",
      "err": {},
      "isRoot": false,
      "uuid": "570d6f86-a787-45f1-a92d-7ef62a6d2eff",
      "parentUUID": "3c6e5696-3a1d-42fc-8e26-99ea2dd65935",
      "isHook": false,
      "skipped": false
    },
    {
      "title": "添加回复_照片",
      "fullTitle": "登录 添加回复_照片",
      "timedOut": false,
      "duration": 2127,
      "state": "passed",
      "speed": "slow",
      "pass": true,
      "fail": false,
      "pending": false,
      "code": "async \n        await driver.sleep(2000);\n        await driver.findElement({ css: '.eicon-image' }).click();\n        await driver.findElement({ name: 'file' }).sendKeys('F://图片//02.png');",
      "err": {},
      "isRoot": false,
      "uuid": "466b56e8-7a50-4d40-900a-36f86766f246",
      "parentUUID": "3c6e5696-3a1d-42fc-8e26-99ea2dd65935",
      "isHook": false,
      "skipped": false
    },
    {
      "title": "添加回复_内容",
      "fullTitle": "登录 添加回复_内容",
      "timedOut": false,
      "duration": 2431,
      "state": "passed",
      "speed": "slow",
      "pass": true,
      "fail": false,
      "pending": false,
      "code": "async \n        await driver.sleep(2000);\n        await driver.findElement({ css: '.CodeMirror.cm-s-paper' }).click();\n        let oc = driver.findElement({ xpath: '//*[@id=\"reply_form\"]/div/div/div[2]/div[6]/div[2]' });\n        await driver.actions().mouseMove(oc).sendKeys('大家晚上好！').perform();\n        await driver.findElement({ xpath: '//*[@id=\"reply_form\"]/div/div/div[3]/input' }).submit();",
      "err": {},
      "isRoot": false,
      "uuid": "1b859c14-d975-4f00-9c21-f4862527fcc9",
      "parentUUID": "3c6e5696-3a1d-42fc-8e26-99ea2dd65935",
      "isHook": false,
      "skipped": false
    },
    {
      "title": "编辑回复",
      "fullTitle": "登录 编辑回复",
      "timedOut": false,
      "duration": 2882,
      "state": "passed",
      "speed": "slow",
      "pass": true,
      "fail": false,
      "pending": false,
      "code": "async \n        await driver.sleep(2000);\n        await driver.findElement({ css: '.edit_reply_btn' }).click();\n        await driver.findElement({ css: '.CodeMirror.cm-s-paper' }).click();\n        let xo = driver.findElement({ xpath: '//*[@id=\"edit_reply_form\"]/fieldset/div/div/div[2]/div[6]/div[2]' });\n        await driver.actions().mouseMove(xo).sendKeys('很晚了，准备睡觉喽！').perform();\n        await driver.findElement({ xpath: '//*[@id=\"edit_reply_form\"]/fieldset/div/div/div[4]/input' }).submit();",
      "err": {},
      "isRoot": false,
      "uuid": "21dda9ff-1a90-4657-b7ef-c1356f13df7d",
      "parentUUID": "3c6e5696-3a1d-42fc-8e26-99ea2dd65935",
      "isHook": false,
      "skipped": false
    },
    {
      "title": "删除回复",
      "fullTitle": "登录 删除回复",
      "timedOut": false,
      "duration": 87,
      "state": "passed",
      "speed": "slow",
      "pass": true,
      "fail": false,
      "pending": false,
      "code": "async \n        await driver.findElement({ css: '.delete_reply_btn' }).click();\n        await driver.switchTo().alert().then((alert) => {\n            return alert.accept();\n        })",
      "err": {},
      "isRoot": false,
      "uuid": "0b99c102-a49c-4d6e-a8c9-e993213d7a47",
      "parentUUID": "3c6e5696-3a1d-42fc-8e26-99ea2dd65935",
      "isHook": false,
      "skipped": false
    }
  ],
  "allFailures": [],
  "copyrightYear": 2017
}