{
  "stats": {
    "suites": 1,
    "tests": 6,
    "passes": 6,
    "pending": 0,
    "failures": 0,
    "start": "2017-09-10T10:12:04.220Z",
    "end": "2017-09-10T10:12:10.635Z",
    "duration": 6415,
    "testsRegistered": 6,
    "passPercent": 100,
    "pendingPercent": 0,
    "other": 0,
    "hasOther": false,
    "skipped": 0,
    "hasSkipped": false,
    "passPercentClass": "success",
    "pendingPercentClass": "danger"
  },
  "suites": {
    "title": "",
    "suites": [
      {
        "title": "登录",
        "suites": [],
        "tests": [
          {
            "title": "打开首页",
            "fullTitle": "登录 打开首页",
            "timedOut": false,
            "duration": 3041,
            "state": "passed",
            "speed": "slow",
            "pass": true,
            "fail": false,
            "pending": false,
            "code": "async \n        await driver.get('http://192.168.75.107:3000/');",
            "err": {},
            "isRoot": false,
            "uuid": "bb84da25-7aff-4b8d-98c2-c0f9adb3a90e",
            "parentUUID": "6c7dc88d-3ce6-4a65-a8f6-fe1a63bb7b8a",
            "isHook": false,
            "skipped": false
          },
          {
            "title": "点击登录按钮",
            "fullTitle": "登录 点击登录按钮",
            "timedOut": false,
            "duration": 393,
            "state": "passed",
            "speed": "slow",
            "pass": true,
            "fail": false,
            "pending": false,
            "code": "async \n        await driver.findElement({ linkText: '登录' }).click();",
            "err": {},
            "isRoot": false,
            "uuid": "fab25114-7de5-482f-a7e0-58db5d0d8b2f",
            "parentUUID": "6c7dc88d-3ce6-4a65-a8f6-fe1a63bb7b8a",
            "isHook": false,
            "skipped": false
          },
          {
            "title": "输入用户名",
            "fullTitle": "登录 输入用户名",
            "timedOut": false,
            "duration": 106,
            "state": "passed",
            "speed": "slow",
            "pass": true,
            "fail": false,
            "pending": false,
            "code": "async \n        await driver.findElement({ id: 'name' }).sendKeys('abcduxiaolei');",
            "err": {},
            "isRoot": false,
            "uuid": "ae75e413-c905-4ced-93bb-0a5725d3ee7d",
            "parentUUID": "6c7dc88d-3ce6-4a65-a8f6-fe1a63bb7b8a",
            "isHook": false,
            "skipped": false
          },
          {
            "title": "输入密码",
            "fullTitle": "登录 输入密码",
            "timedOut": false,
            "duration": 78,
            "state": "passed",
            "speed": "slow",
            "pass": true,
            "fail": false,
            "pending": false,
            "code": "async \n        await driver.findElement({ id: 'pass' }).sendKeys('abc4862556');",
            "err": {},
            "isRoot": false,
            "uuid": "4c33c4cb-fd82-49ea-9e02-e7c0ece7013a",
            "parentUUID": "6c7dc88d-3ce6-4a65-a8f6-fe1a63bb7b8a",
            "isHook": false,
            "skipped": false
          },
          {
            "title": "点击登录",
            "fullTitle": "登录 点击登录",
            "timedOut": false,
            "duration": 605,
            "state": "passed",
            "speed": "slow",
            "pass": true,
            "fail": false,
            "pending": false,
            "code": "async \n        await driver.findElement({ css: '.span-primary' }).submit();",
            "err": {},
            "isRoot": false,
            "uuid": "1edb695b-b720-4f0d-9b78-19121a8b5753",
            "parentUUID": "6c7dc88d-3ce6-4a65-a8f6-fe1a63bb7b8a",
            "isHook": false,
            "skipped": false
          },
          {
            "title": "assert",
            "fullTitle": "登录 assert",
            "timedOut": false,
            "duration": 1,
            "state": "passed",
            "speed": "fast",
            "pass": true,
            "fail": false,
            "pending": false,
            "code": "async \n      driver.findElement({linkText:'abcduxiaolei'}).getText().then((as)=>{\n          console.log(as);\n          assert.deepEqual('abcduxiaolei',as);\n      })",
            "err": {},
            "isRoot": false,
            "uuid": "9aad0b14-8724-4651-a1ea-59a103e33407",
            "parentUUID": "6c7dc88d-3ce6-4a65-a8f6-fe1a63bb7b8a",
            "isHook": false,
            "skipped": false
          }
        ],
        "pending": [],
        "root": false,
        "_timeout": 5000,
        "file": "\\index.js",
        "uuid": "6c7dc88d-3ce6-4a65-a8f6-fe1a63bb7b8a",
        "beforeHooks": [
          {
            "title": "\"before all\" hook",
            "fullTitle": "登录 \"before all\" hook",
            "timedOut": false,
            "duration": 1,
            "pass": false,
            "fail": false,
            "pending": false,
            "code": "driver.manage().window().maximize();",
            "err": {},
            "isRoot": false,
            "uuid": "acf01737-05d9-4f2d-8168-51bfa6422550",
            "parentUUID": "6c7dc88d-3ce6-4a65-a8f6-fe1a63bb7b8a",
            "isHook": true,
            "skipped": false
          },
          {
            "title": "\"before each\" hook",
            "fullTitle": "登录 \"before each\" hook",
            "timedOut": false,
            "duration": 0,
            "pass": false,
            "fail": false,
            "pending": false,
            "code": "// runs before each test in this block",
            "err": {},
            "isRoot": false,
            "uuid": "3605f898-a938-4b67-9a79-0976f43859d1",
            "parentUUID": "6c7dc88d-3ce6-4a65-a8f6-fe1a63bb7b8a",
            "isHook": true,
            "skipped": false
          }
        ],
        "afterHooks": [
          {
            "title": "\"after all\" hook",
            "fullTitle": "登录 \"after all\" hook",
            "timedOut": false,
            "duration": 0,
            "pass": false,
            "fail": false,
            "pending": false,
            "code": "driver.close();",
            "err": {},
            "isRoot": false,
            "uuid": "1d2c1bc5-3e55-41b7-b07f-4f010384f7c8",
            "parentUUID": "6c7dc88d-3ce6-4a65-a8f6-fe1a63bb7b8a",
            "isHook": true,
            "skipped": false
          },
          {
            "title": "\"after each\" hook",
            "fullTitle": "登录 \"after each\" hook",
            "timedOut": false,
            "duration": 363,
            "pass": false,
            "fail": false,
            "pending": false,
            "code": "async function () {\n       await driver.takeScreenshot().then(function (imagedata) {\n           var day=new Date().valueOf();\n            fs.writeFileSync(day+'.png', imagedata, 'base64')\n        });",
            "err": {},
            "isRoot": false,
            "uuid": "c6110e7d-6c69-4a64-81df-0744441f765a",
            "parentUUID": "6c7dc88d-3ce6-4a65-a8f6-fe1a63bb7b8a",
            "isHook": true,
            "skipped": false
          }
        ],
        "fullFile": "E:\\autotest-2\\20170910\\index.js",
        "passes": [
          {
            "title": "打开首页",
            "fullTitle": "登录 打开首页",
            "timedOut": false,
            "duration": 3041,
            "state": "passed",
            "speed": "slow",
            "pass": true,
            "fail": false,
            "pending": false,
            "code": "async \n        await driver.get('http://192.168.75.107:3000/');",
            "err": {},
            "isRoot": false,
            "uuid": "bb84da25-7aff-4b8d-98c2-c0f9adb3a90e",
            "parentUUID": "6c7dc88d-3ce6-4a65-a8f6-fe1a63bb7b8a",
            "isHook": false,
            "skipped": false
          },
          {
            "title": "点击登录按钮",
            "fullTitle": "登录 点击登录按钮",
            "timedOut": false,
            "duration": 393,
            "state": "passed",
            "speed": "slow",
            "pass": true,
            "fail": false,
            "pending": false,
            "code": "async \n        await driver.findElement({ linkText: '登录' }).click();",
            "err": {},
            "isRoot": false,
            "uuid": "fab25114-7de5-482f-a7e0-58db5d0d8b2f",
            "parentUUID": "6c7dc88d-3ce6-4a65-a8f6-fe1a63bb7b8a",
            "isHook": false,
            "skipped": false
          },
          {
            "title": "输入用户名",
            "fullTitle": "登录 输入用户名",
            "timedOut": false,
            "duration": 106,
            "state": "passed",
            "speed": "slow",
            "pass": true,
            "fail": false,
            "pending": false,
            "code": "async \n        await driver.findElement({ id: 'name' }).sendKeys('abcduxiaolei');",
            "err": {},
            "isRoot": false,
            "uuid": "ae75e413-c905-4ced-93bb-0a5725d3ee7d",
            "parentUUID": "6c7dc88d-3ce6-4a65-a8f6-fe1a63bb7b8a",
            "isHook": false,
            "skipped": false
          },
          {
            "title": "输入密码",
            "fullTitle": "登录 输入密码",
            "timedOut": false,
            "duration": 78,
            "state": "passed",
            "speed": "slow",
            "pass": true,
            "fail": false,
            "pending": false,
            "code": "async \n        await driver.findElement({ id: 'pass' }).sendKeys('abc4862556');",
            "err": {},
            "isRoot": false,
            "uuid": "4c33c4cb-fd82-49ea-9e02-e7c0ece7013a",
            "parentUUID": "6c7dc88d-3ce6-4a65-a8f6-fe1a63bb7b8a",
            "isHook": false,
            "skipped": false
          },
          {
            "title": "点击登录",
            "fullTitle": "登录 点击登录",
            "timedOut": false,
            "duration": 605,
            "state": "passed",
            "speed": "slow",
            "pass": true,
            "fail": false,
            "pending": false,
            "code": "async \n        await driver.findElement({ css: '.span-primary' }).submit();",
            "err": {},
            "isRoot": false,
            "uuid": "1edb695b-b720-4f0d-9b78-19121a8b5753",
            "parentUUID": "6c7dc88d-3ce6-4a65-a8f6-fe1a63bb7b8a",
            "isHook": false,
            "skipped": false
          },
          {
            "title": "assert",
            "fullTitle": "登录 assert",
            "timedOut": false,
            "duration": 1,
            "state": "passed",
            "speed": "fast",
            "pass": true,
            "fail": false,
            "pending": false,
            "code": "async \n      driver.findElement({linkText:'abcduxiaolei'}).getText().then((as)=>{\n          console.log(as);\n          assert.deepEqual('abcduxiaolei',as);\n      })",
            "err": {},
            "isRoot": false,
            "uuid": "9aad0b14-8724-4651-a1ea-59a103e33407",
            "parentUUID": "6c7dc88d-3ce6-4a65-a8f6-fe1a63bb7b8a",
            "isHook": false,
            "skipped": false
          }
        ],
        "failures": [],
        "skipped": [],
        "hasBeforeHooks": true,
        "hasAfterHooks": true,
        "hasTests": true,
        "hasSuites": false,
        "totalTests": 6,
        "totalPasses": 6,
        "totalFailures": 0,
        "totalPending": 0,
        "totalSkipped": 0,
        "hasPasses": true,
        "hasFailures": false,
        "hasPending": false,
        "hasSkipped": false,
        "duration": 4224,
        "rootEmpty": false
      }
    ],
    "tests": [],
    "pending": [],
    "root": true,
    "_timeout": 2000,
    "uuid": "51433847-a2c7-410d-a847-7e6e276bd31f",
    "beforeHooks": [],
    "afterHooks": [],
    "fullFile": "",
    "file": "",
    "passes": [],
    "failures": [],
    "skipped": [],
    "hasBeforeHooks": false,
    "hasAfterHooks": false,
    "hasTests": false,
    "hasSuites": true,
    "totalTests": 0,
    "totalPasses": 0,
    "totalFailures": 0,
    "totalPending": 0,
    "totalSkipped": 0,
    "hasPasses": false,
    "hasFailures": false,
    "hasPending": false,
    "hasSkipped": false,
    "duration": 0,
    "rootEmpty": true
  },
  "allTests": [
    {
      "title": "打开首页",
      "fullTitle": "登录 打开首页",
      "timedOut": false,
      "duration": 3041,
      "state": "passed",
      "speed": "slow",
      "pass": true,
      "fail": false,
      "pending": false,
      "code": "async \n        await driver.get('http://192.168.75.107:3000/');",
      "err": {},
      "isRoot": false,
      "uuid": "bb84da25-7aff-4b8d-98c2-c0f9adb3a90e",
      "parentUUID": "6c7dc88d-3ce6-4a65-a8f6-fe1a63bb7b8a",
      "isHook": false,
      "skipped": false
    },
    {
      "title": "点击登录按钮",
      "fullTitle": "登录 点击登录按钮",
      "timedOut": false,
      "duration": 393,
      "state": "passed",
      "speed": "slow",
      "pass": true,
      "fail": false,
      "pending": false,
      "code": "async \n        await driver.findElement({ linkText: '登录' }).click();",
      "err": {},
      "isRoot": false,
      "uuid": "fab25114-7de5-482f-a7e0-58db5d0d8b2f",
      "parentUUID": "6c7dc88d-3ce6-4a65-a8f6-fe1a63bb7b8a",
      "isHook": false,
      "skipped": false
    },
    {
      "title": "输入用户名",
      "fullTitle": "登录 输入用户名",
      "timedOut": false,
      "duration": 106,
      "state": "passed",
      "speed": "slow",
      "pass": true,
      "fail": false,
      "pending": false,
      "code": "async \n        await driver.findElement({ id: 'name' }).sendKeys('abcduxiaolei');",
      "err": {},
      "isRoot": false,
      "uuid": "ae75e413-c905-4ced-93bb-0a5725d3ee7d",
      "parentUUID": "6c7dc88d-3ce6-4a65-a8f6-fe1a63bb7b8a",
      "isHook": false,
      "skipped": false
    },
    {
      "title": "输入密码",
      "fullTitle": "登录 输入密码",
      "timedOut": false,
      "duration": 78,
      "state": "passed",
      "speed": "slow",
      "pass": true,
      "fail": false,
      "pending": false,
      "code": "async \n        await driver.findElement({ id: 'pass' }).sendKeys('abc4862556');",
      "err": {},
      "isRoot": false,
      "uuid": "4c33c4cb-fd82-49ea-9e02-e7c0ece7013a",
      "parentUUID": "6c7dc88d-3ce6-4a65-a8f6-fe1a63bb7b8a",
      "isHook": false,
      "skipped": false
    },
    {
      "title": "点击登录",
      "fullTitle": "登录 点击登录",
      "timedOut": false,
      "duration": 605,
      "state": "passed",
      "speed": "slow",
      "pass": true,
      "fail": false,
      "pending": false,
      "code": "async \n        await driver.findElement({ css: '.span-primary' }).submit();",
      "err": {},
      "isRoot": false,
      "uuid": "1edb695b-b720-4f0d-9b78-19121a8b5753",
      "parentUUID": "6c7dc88d-3ce6-4a65-a8f6-fe1a63bb7b8a",
      "isHook": false,
      "skipped": false
    },
    {
      "title": "assert",
      "fullTitle": "登录 assert",
      "timedOut": false,
      "duration": 1,
      "state": "passed",
      "speed": "fast",
      "pass": true,
      "fail": false,
      "pending": false,
      "code": "async \n      driver.findElement({linkText:'abcduxiaolei'}).getText().then((as)=>{\n          console.log(as);\n          assert.deepEqual('abcduxiaolei',as);\n      })",
      "err": {},
      "isRoot": false,
      "uuid": "9aad0b14-8724-4651-a1ea-59a103e33407",
      "parentUUID": "6c7dc88d-3ce6-4a65-a8f6-fe1a63bb7b8a",
      "isHook": false,
      "skipped": false
    }
  ],
  "allPending": [],
  "allPasses": [
    {
      "title": "打开首页",
      "fullTitle": "登录 打开首页",
      "timedOut": false,
      "duration": 3041,
      "state": "passed",
      "speed": "slow",
      "pass": true,
      "fail": false,
      "pending": false,
      "code": "async \n        await driver.get('http://192.168.75.107:3000/');",
      "err": {},
      "isRoot": false,
      "uuid": "bb84da25-7aff-4b8d-98c2-c0f9adb3a90e",
      "parentUUID": "6c7dc88d-3ce6-4a65-a8f6-fe1a63bb7b8a",
      "isHook": false,
      "skipped": false
    },
    {
      "title": "点击登录按钮",
      "fullTitle": "登录 点击登录按钮",
      "timedOut": false,
      "duration": 393,
      "state": "passed",
      "speed": "slow",
      "pass": true,
      "fail": false,
      "pending": false,
      "code": "async \n        await driver.findElement({ linkText: '登录' }).click();",
      "err": {},
      "isRoot": false,
      "uuid": "fab25114-7de5-482f-a7e0-58db5d0d8b2f",
      "parentUUID": "6c7dc88d-3ce6-4a65-a8f6-fe1a63bb7b8a",
      "isHook": false,
      "skipped": false
    },
    {
      "title": "输入用户名",
      "fullTitle": "登录 输入用户名",
      "timedOut": false,
      "duration": 106,
      "state": "passed",
      "speed": "slow",
      "pass": true,
      "fail": false,
      "pending": false,
      "code": "async \n        await driver.findElement({ id: 'name' }).sendKeys('abcduxiaolei');",
      "err": {},
      "isRoot": false,
      "uuid": "ae75e413-c905-4ced-93bb-0a5725d3ee7d",
      "parentUUID": "6c7dc88d-3ce6-4a65-a8f6-fe1a63bb7b8a",
      "isHook": false,
      "skipped": false
    },
    {
      "title": "输入密码",
      "fullTitle": "登录 输入密码",
      "timedOut": false,
      "duration": 78,
      "state": "passed",
      "speed": "slow",
      "pass": true,
      "fail": false,
      "pending": false,
      "code": "async \n        await driver.findElement({ id: 'pass' }).sendKeys('abc4862556');",
      "err": {},
      "isRoot": false,
      "uuid": "4c33c4cb-fd82-49ea-9e02-e7c0ece7013a",
      "parentUUID": "6c7dc88d-3ce6-4a65-a8f6-fe1a63bb7b8a",
      "isHook": false,
      "skipped": false
    },
    {
      "title": "点击登录",
      "fullTitle": "登录 点击登录",
      "timedOut": false,
      "duration": 605,
      "state": "passed",
      "speed": "slow",
      "pass": true,
      "fail": false,
      "pending": false,
      "code": "async \n        await driver.findElement({ css: '.span-primary' }).submit();",
      "err": {},
      "isRoot": false,
      "uuid": "1edb695b-b720-4f0d-9b78-19121a8b5753",
      "parentUUID": "6c7dc88d-3ce6-4a65-a8f6-fe1a63bb7b8a",
      "isHook": false,
      "skipped": false
    },
    {
      "title": "assert",
      "fullTitle": "登录 assert",
      "timedOut": false,
      "duration": 1,
      "state": "passed",
      "speed": "fast",
      "pass": true,
      "fail": false,
      "pending": false,
      "code": "async \n      driver.findElement({linkText:'abcduxiaolei'}).getText().then((as)=>{\n          console.log(as);\n          assert.deepEqual('abcduxiaolei',as);\n      })",
      "err": {},
      "isRoot": false,
      "uuid": "9aad0b14-8724-4651-a1ea-59a103e33407",
      "parentUUID": "6c7dc88d-3ce6-4a65-a8f6-fe1a63bb7b8a",
      "isHook": false,
      "skipped": false
    }
  ],
  "allFailures": [],
  "copyrightYear": 2017
}