{
  "stats": {
    "suites": 2,
    "tests": 3,
    "passes": 3,
    "pending": 0,
    "failures": 0,
    "start": "2017-09-03T07:29:58.052Z",
    "end": "2017-09-03T07:30:01.051Z",
    "duration": 2999,
    "testsRegistered": 3,
    "passPercent": 100,
    "pendingPercent": 0,
    "other": 0,
    "hasOther": false,
    "skipped": 0,
    "hasSkipped": false,
    "passPercentClass": "success",
    "pendingPercentClass": "danger"
  },
  "suites": {
    "title": "",
    "suites": [
      {
        "title": "测试用户注册登录",
        "suites": [
          {
            "title": "注册用户",
            "suites": [],
            "tests": [
              {
                "title": "导航到登录页面",
                "fullTitle": "测试用户注册登录 注册用户 导航到登录页面",
                "timedOut": false,
                "duration": 2614,
                "state": "passed",
                "speed": "slow",
                "pass": true,
                "fail": false,
                "pending": false,
                "code": "async function () {\n            await driver.get(\"http://192.168.75.107:3000\")",
                "err": {},
                "isRoot": false,
                "uuid": "9db2c04a-fcef-4aa3-b4df-209f4fb0a230",
                "parentUUID": "1ff78c59-26fd-49e6-b83b-863b73850306",
                "isHook": false,
                "skipped": false
              },
              {
                "title": "点击注册按钮",
                "fullTitle": "测试用户注册登录 注册用户 点击注册按钮",
                "timedOut": false,
                "duration": 352,
                "state": "passed",
                "speed": "slow",
                "pass": true,
                "fail": false,
                "pending": false,
                "code": "async function () {\n            await driver.findElement({css:'[href=\"/signup\"]'}).click()",
                "err": {},
                "isRoot": false,
                "uuid": "9c10f7ed-e9fc-4b5e-8162-4f8765e01e6a",
                "parentUUID": "1ff78c59-26fd-49e6-b83b-863b73850306",
                "isHook": false,
                "skipped": false
              },
              {
                "title": "导航到用户注册页面",
                "fullTitle": "测试用户注册登录 注册用户 导航到用户注册页面",
                "timedOut": false,
                "duration": 6,
                "state": "passed",
                "speed": "fast",
                "pass": true,
                "fail": false,
                "pending": false,
                "code": "async function () {\n            let singupurl =  await driver.getCurrentUrl();\n            return assert.equal(\"http://192.168.75.107:3000/signup\",singupurl)",
                "err": {},
                "isRoot": false,
                "uuid": "1a927181-9673-4b06-82a0-ba7bde7ed2c2",
                "parentUUID": "1ff78c59-26fd-49e6-b83b-863b73850306",
                "isHook": false,
                "skipped": false
              }
            ],
            "pending": [],
            "root": false,
            "_timeout": 60000,
            "file": "\\test.js",
            "uuid": "1ff78c59-26fd-49e6-b83b-863b73850306",
            "beforeHooks": [],
            "afterHooks": [],
            "fullFile": "E:\\autotest-2\\testfour\\test.js",
            "passes": [
              {
                "title": "导航到登录页面",
                "fullTitle": "测试用户注册登录 注册用户 导航到登录页面",
                "timedOut": false,
                "duration": 2614,
                "state": "passed",
                "speed": "slow",
                "pass": true,
                "fail": false,
                "pending": false,
                "code": "async function () {\n            await driver.get(\"http://192.168.75.107:3000\")",
                "err": {},
                "isRoot": false,
                "uuid": "9db2c04a-fcef-4aa3-b4df-209f4fb0a230",
                "parentUUID": "1ff78c59-26fd-49e6-b83b-863b73850306",
                "isHook": false,
                "skipped": false
              },
              {
                "title": "点击注册按钮",
                "fullTitle": "测试用户注册登录 注册用户 点击注册按钮",
                "timedOut": false,
                "duration": 352,
                "state": "passed",
                "speed": "slow",
                "pass": true,
                "fail": false,
                "pending": false,
                "code": "async function () {\n            await driver.findElement({css:'[href=\"/signup\"]'}).click()",
                "err": {},
                "isRoot": false,
                "uuid": "9c10f7ed-e9fc-4b5e-8162-4f8765e01e6a",
                "parentUUID": "1ff78c59-26fd-49e6-b83b-863b73850306",
                "isHook": false,
                "skipped": false
              },
              {
                "title": "导航到用户注册页面",
                "fullTitle": "测试用户注册登录 注册用户 导航到用户注册页面",
                "timedOut": false,
                "duration": 6,
                "state": "passed",
                "speed": "fast",
                "pass": true,
                "fail": false,
                "pending": false,
                "code": "async function () {\n            let singupurl =  await driver.getCurrentUrl();\n            return assert.equal(\"http://192.168.75.107:3000/signup\",singupurl)",
                "err": {},
                "isRoot": false,
                "uuid": "1a927181-9673-4b06-82a0-ba7bde7ed2c2",
                "parentUUID": "1ff78c59-26fd-49e6-b83b-863b73850306",
                "isHook": false,
                "skipped": false
              }
            ],
            "failures": [],
            "skipped": [],
            "hasBeforeHooks": false,
            "hasAfterHooks": false,
            "hasTests": true,
            "hasSuites": false,
            "totalTests": 3,
            "totalPasses": 3,
            "totalFailures": 0,
            "totalPending": 0,
            "totalSkipped": 0,
            "hasPasses": true,
            "hasFailures": false,
            "hasPending": false,
            "hasSkipped": false,
            "duration": 2972,
            "rootEmpty": false
          }
        ],
        "tests": [],
        "pending": [],
        "root": false,
        "_timeout": 60000,
        "file": "\\test.js",
        "uuid": "a4a68d5c-354b-49e4-b936-99b5c382fbb0",
        "beforeHooks": [],
        "afterHooks": [],
        "fullFile": "E:\\autotest-2\\testfour\\test.js",
        "passes": [],
        "failures": [],
        "skipped": [],
        "hasBeforeHooks": false,
        "hasAfterHooks": false,
        "hasTests": false,
        "hasSuites": true,
        "totalTests": 0,
        "totalPasses": 0,
        "totalFailures": 0,
        "totalPending": 0,
        "totalSkipped": 0,
        "hasPasses": false,
        "hasFailures": false,
        "hasPending": false,
        "hasSkipped": false,
        "duration": 0,
        "rootEmpty": false
      }
    ],
    "tests": [],
    "pending": [],
    "root": true,
    "_timeout": 2000,
    "uuid": "d16efbc5-9691-4d25-9bdb-56bf32ba1c77",
    "beforeHooks": [],
    "afterHooks": [],
    "fullFile": "",
    "file": "",
    "passes": [],
    "failures": [],
    "skipped": [],
    "hasBeforeHooks": false,
    "hasAfterHooks": false,
    "hasTests": false,
    "hasSuites": true,
    "totalTests": 0,
    "totalPasses": 0,
    "totalFailures": 0,
    "totalPending": 0,
    "totalSkipped": 0,
    "hasPasses": false,
    "hasFailures": false,
    "hasPending": false,
    "hasSkipped": false,
    "duration": 0,
    "rootEmpty": true
  },
  "allTests": [
    {
      "title": "导航到登录页面",
      "fullTitle": "注册用户 导航到登录页面",
      "timedOut": false,
      "duration": 2614,
      "state": "passed",
      "speed": "slow",
      "pass": true,
      "fail": false,
      "pending": false,
      "code": "async function () {\n            await driver.get(\"http://192.168.75.107:3000\")",
      "err": {},
      "isRoot": false,
      "uuid": "9db2c04a-fcef-4aa3-b4df-209f4fb0a230",
      "parentUUID": "1ff78c59-26fd-49e6-b83b-863b73850306",
      "isHook": false,
      "skipped": false
    },
    {
      "title": "点击注册按钮",
      "fullTitle": "注册用户 点击注册按钮",
      "timedOut": false,
      "duration": 352,
      "state": "passed",
      "speed": "slow",
      "pass": true,
      "fail": false,
      "pending": false,
      "code": "async function () {\n            await driver.findElement({css:'[href=\"/signup\"]'}).click()",
      "err": {},
      "isRoot": false,
      "uuid": "9c10f7ed-e9fc-4b5e-8162-4f8765e01e6a",
      "parentUUID": "1ff78c59-26fd-49e6-b83b-863b73850306",
      "isHook": false,
      "skipped": false
    },
    {
      "title": "导航到用户注册页面",
      "fullTitle": "注册用户 导航到用户注册页面",
      "timedOut": false,
      "duration": 6,
      "state": "passed",
      "speed": "fast",
      "pass": true,
      "fail": false,
      "pending": false,
      "code": "async function () {\n            let singupurl =  await driver.getCurrentUrl();\n            return assert.equal(\"http://192.168.75.107:3000/signup\",singupurl)",
      "err": {},
      "isRoot": false,
      "uuid": "1a927181-9673-4b06-82a0-ba7bde7ed2c2",
      "parentUUID": "1ff78c59-26fd-49e6-b83b-863b73850306",
      "isHook": false,
      "skipped": false
    }
  ],
  "allPending": [],
  "allPasses": [
    {
      "title": "导航到登录页面",
      "fullTitle": "注册用户 导航到登录页面",
      "timedOut": false,
      "duration": 2614,
      "state": "passed",
      "speed": "slow",
      "pass": true,
      "fail": false,
      "pending": false,
      "code": "async function () {\n            await driver.get(\"http://192.168.75.107:3000\")",
      "err": {},
      "isRoot": false,
      "uuid": "9db2c04a-fcef-4aa3-b4df-209f4fb0a230",
      "parentUUID": "1ff78c59-26fd-49e6-b83b-863b73850306",
      "isHook": false,
      "skipped": false
    },
    {
      "title": "点击注册按钮",
      "fullTitle": "注册用户 点击注册按钮",
      "timedOut": false,
      "duration": 352,
      "state": "passed",
      "speed": "slow",
      "pass": true,
      "fail": false,
      "pending": false,
      "code": "async function () {\n            await driver.findElement({css:'[href=\"/signup\"]'}).click()",
      "err": {},
      "isRoot": false,
      "uuid": "9c10f7ed-e9fc-4b5e-8162-4f8765e01e6a",
      "parentUUID": "1ff78c59-26fd-49e6-b83b-863b73850306",
      "isHook": false,
      "skipped": false
    },
    {
      "title": "导航到用户注册页面",
      "fullTitle": "注册用户 导航到用户注册页面",
      "timedOut": false,
      "duration": 6,
      "state": "passed",
      "speed": "fast",
      "pass": true,
      "fail": false,
      "pending": false,
      "code": "async function () {\n            let singupurl =  await driver.getCurrentUrl();\n            return assert.equal(\"http://192.168.75.107:3000/signup\",singupurl)",
      "err": {},
      "isRoot": false,
      "uuid": "1a927181-9673-4b06-82a0-ba7bde7ed2c2",
      "parentUUID": "1ff78c59-26fd-49e6-b83b-863b73850306",
      "isHook": false,
      "skipped": false
    }
  ],
  "allFailures": [],
  "copyrightYear": 2017
}